{"C:\\Users\\dti-\\Desktop\\Puc\\TrabalhoGrafos\\TrabalhoGrafos\\frontend-grafogen\\src\\utils\\communityColors.ts": {"path":"C:\\Users\\dti-\\Desktop\\Puc\\TrabalhoGrafos\\TrabalhoGrafos\\frontend-grafogen\\src\\utils\\communityColors.ts","all":false,"statementMap":{"0":{"start":{"line":1,"column":0},"end":{"line":1,"column":17}},"1":{"start":{"line":2,"column":0},"end":{"line":2,"column":12}},"2":{"start":{"line":3,"column":0},"end":{"line":3,"column":12}},"3":{"start":{"line":4,"column":0},"end":{"line":4,"column":12}},"4":{"start":{"line":5,"column":0},"end":{"line":5,"column":12}},"5":{"start":{"line":6,"column":0},"end":{"line":6,"column":12}},"6":{"start":{"line":7,"column":0},"end":{"line":7,"column":12}},"7":{"start":{"line":8,"column":0},"end":{"line":8,"column":12}},"8":{"start":{"line":9,"column":0},"end":{"line":9,"column":12}},"9":{"start":{"line":10,"column":0},"end":{"line":10,"column":12}},"10":{"start":{"line":11,"column":0},"end":{"line":11,"column":12}},"11":{"start":{"line":12,"column":0},"end":{"line":12,"column":12}},"12":{"start":{"line":13,"column":0},"end":{"line":13,"column":12}},"13":{"start":{"line":14,"column":0},"end":{"line":14,"column":1}},"15":{"start":{"line":16,"column":0},"end":{"line":16,"column":64}},"16":{"start":{"line":17,"column":0},"end":{"line":17,"column":56}},"17":{"start":{"line":18,"column":0},"end":{"line":18,"column":1}},"19":{"start":{"line":20,"column":0},"end":{"line":20,"column":34}},"20":{"start":{"line":21,"column":0},"end":{"line":21,"column":65}},"21":{"start":{"line":22,"column":0},"end":{"line":22,"column":20}},"22":{"start":{"line":23,"column":0},"end":{"line":23,"column":27}},"23":{"start":{"line":24,"column":0},"end":{"line":24,"column":40}},"24":{"start":{"line":25,"column":0},"end":{"line":25,"column":27}},"25":{"start":{"line":26,"column":0},"end":{"line":26,"column":34}},"26":{"start":{"line":27,"column":0},"end":{"line":27,"column":39}},"27":{"start":{"line":28,"column":0},"end":{"line":28,"column":5}},"28":{"start":{"line":29,"column":0},"end":{"line":29,"column":3}},"29":{"start":{"line":30,"column":0},"end":{"line":30,"column":12}},"30":{"start":{"line":31,"column":0},"end":{"line":31,"column":1}}},"s":{"0":1,"1":1,"2":1,"3":1,"4":1,"5":1,"6":1,"7":1,"8":1,"9":1,"10":1,"11":1,"12":1,"13":1,"15":1,"16":4,"17":4,"19":1,"20":1,"21":1,"22":1,"23":1,"24":1,"25":3,"26":2,"27":2,"28":3,"29":1,"30":1},"branchMap":{"0":{"type":"branch","line":16,"loc":{"start":{"line":16,"column":7},"end":{"line":18,"column":1}},"locations":[{"start":{"line":16,"column":7},"end":{"line":18,"column":1}}]},"1":{"type":"branch","line":20,"loc":{"start":{"line":20,"column":7},"end":{"line":31,"column":1}},"locations":[{"start":{"line":20,"column":7},"end":{"line":31,"column":1}}]},"2":{"type":"branch","line":25,"loc":{"start":{"line":25,"column":26},"end":{"line":29,"column":3}},"locations":[{"start":{"line":25,"column":26},"end":{"line":29,"column":3}}]},"3":{"type":"branch","line":26,"loc":{"start":{"line":26,"column":33},"end":{"line":28,"column":5}},"locations":[{"start":{"line":26,"column":33},"end":{"line":28,"column":5}}]}},"b":{"0":[4],"1":[1],"2":[3],"3":[2]},"fnMap":{"0":{"name":"colorForCommunity","decl":{"start":{"line":16,"column":7},"end":{"line":18,"column":1}},"loc":{"start":{"line":16,"column":7},"end":{"line":18,"column":1}},"line":16},"1":{"name":"buildCommunityMap","decl":{"start":{"line":20,"column":7},"end":{"line":31,"column":1}},"loc":{"start":{"line":20,"column":7},"end":{"line":31,"column":1}},"line":20}},"f":{"0":4,"1":1}}
,"C:\\Users\\dti-\\Desktop\\Puc\\TrabalhoGrafos\\TrabalhoGrafos\\frontend-grafogen\\src\\utils\\gexfParser.ts": {"path":"C:\\Users\\dti-\\Desktop\\Puc\\TrabalhoGrafos\\TrabalhoGrafos\\frontend-grafogen\\src\\utils\\gexfParser.ts","all":false,"statementMap":{"2":{"start":{"line":3,"column":0},"end":{"line":3,"column":48}},"3":{"start":{"line":4,"column":0},"end":{"line":4,"column":25}},"4":{"start":{"line":5,"column":0},"end":{"line":5,"column":25}},"5":{"start":{"line":6,"column":0},"end":{"line":6,"column":21}},"6":{"start":{"line":7,"column":0},"end":{"line":7,"column":33}},"7":{"start":{"line":8,"column":0},"end":{"line":8,"column":1}},"9":{"start":{"line":10,"column":0},"end":{"line":10,"column":75}},"10":{"start":{"line":11,"column":0},"end":{"line":11,"column":32}},"11":{"start":{"line":12,"column":0},"end":{"line":12,"column":62}},"13":{"start":{"line":14,"column":0},"end":{"line":14,"column":62}},"14":{"start":{"line":15,"column":0},"end":{"line":15,"column":44}},"15":{"start":{"line":16,"column":0},"end":{"line":16,"column":3}},"17":{"start":{"line":18,"column":0},"end":{"line":18,"column":31}},"18":{"start":{"line":19,"column":0},"end":{"line":19,"column":58}},"19":{"start":{"line":20,"column":0},"end":{"line":20,"column":64}},"20":{"start":{"line":21,"column":0},"end":{"line":21,"column":36}},"21":{"start":{"line":22,"column":0},"end":{"line":22,"column":38}},"22":{"start":{"line":23,"column":0},"end":{"line":23,"column":21}},"23":{"start":{"line":24,"column":0},"end":{"line":24,"column":16}},"24":{"start":{"line":25,"column":0},"end":{"line":25,"column":9}},"25":{"start":{"line":26,"column":0},"end":{"line":26,"column":46}},"26":{"start":{"line":27,"column":0},"end":{"line":27,"column":6}},"27":{"start":{"line":28,"column":0},"end":{"line":28,"column":3}},"29":{"start":{"line":30,"column":0},"end":{"line":30,"column":31}},"30":{"start":{"line":31,"column":0},"end":{"line":31,"column":58}},"31":{"start":{"line":32,"column":0},"end":{"line":32,"column":64}},"32":{"start":{"line":33,"column":0},"end":{"line":33,"column":36}},"33":{"start":{"line":34,"column":0},"end":{"line":34,"column":44}},"34":{"start":{"line":35,"column":0},"end":{"line":35,"column":42}},"35":{"start":{"line":36,"column":0},"end":{"line":36,"column":30}},"37":{"start":{"line":38,"column":0},"end":{"line":38,"column":43}},"38":{"start":{"line":39,"column":0},"end":{"line":39,"column":59}},"39":{"start":{"line":40,"column":0},"end":{"line":40,"column":51}},"40":{"start":{"line":41,"column":0},"end":{"line":41,"column":35}},"41":{"start":{"line":42,"column":0},"end":{"line":42,"column":49}},"42":{"start":{"line":43,"column":0},"end":{"line":43,"column":66}},"43":{"start":{"line":44,"column":0},"end":{"line":44,"column":7}},"44":{"start":{"line":45,"column":0},"end":{"line":45,"column":5}},"46":{"start":{"line":47,"column":0},"end":{"line":47,"column":16}},"47":{"start":{"line":48,"column":0},"end":{"line":48,"column":11}},"48":{"start":{"line":49,"column":0},"end":{"line":49,"column":9}},"49":{"start":{"line":50,"column":0},"end":{"line":50,"column":13}},"50":{"start":{"line":51,"column":0},"end":{"line":51,"column":78}},"51":{"start":{"line":52,"column":0},"end":{"line":52,"column":19}},"52":{"start":{"line":53,"column":0},"end":{"line":53,"column":6}},"53":{"start":{"line":54,"column":0},"end":{"line":54,"column":3}},"55":{"start":{"line":56,"column":0},"end":{"line":56,"column":10}},"56":{"start":{"line":57,"column":0},"end":{"line":57,"column":18}},"57":{"start":{"line":58,"column":0},"end":{"line":58,"column":33}},"58":{"start":{"line":59,"column":0},"end":{"line":59,"column":20}},"59":{"start":{"line":60,"column":0},"end":{"line":60,"column":10}},"60":{"start":{"line":61,"column":0},"end":{"line":61,"column":10}},"61":{"start":{"line":62,"column":0},"end":{"line":62,"column":15}},"62":{"start":{"line":63,"column":0},"end":{"line":63,"column":32}},"63":{"start":{"line":64,"column":0},"end":{"line":64,"column":30}},"64":{"start":{"line":65,"column":0},"end":{"line":65,"column":21}},"65":{"start":{"line":66,"column":0},"end":{"line":66,"column":35}},"66":{"start":{"line":67,"column":0},"end":{"line":67,"column":6}},"67":{"start":{"line":68,"column":0},"end":{"line":68,"column":3}},"68":{"start":{"line":69,"column":0},"end":{"line":69,"column":1}},"76":{"start":{"line":77,"column":0},"end":{"line":77,"column":72}},"77":{"start":{"line":78,"column":0},"end":{"line":78,"column":44}},"78":{"start":{"line":79,"column":0},"end":{"line":79,"column":34}},"80":{"start":{"line":81,"column":0},"end":{"line":81,"column":39}},"81":{"start":{"line":82,"column":0},"end":{"line":82,"column":56}},"82":{"start":{"line":83,"column":0},"end":{"line":83,"column":12}},"83":{"start":{"line":84,"column":0},"end":{"line":84,"column":12}},"84":{"start":{"line":85,"column":0},"end":{"line":85,"column":47}},"85":{"start":{"line":86,"column":0},"end":{"line":86,"column":12}},"86":{"start":{"line":87,"column":0},"end":{"line":87,"column":5}},"87":{"start":{"line":88,"column":0},"end":{"line":88,"column":4}},"88":{"start":{"line":89,"column":0},"end":{"line":89,"column":1}},"90":{"start":{"line":91,"column":0},"end":{"line":91,"column":92}},"91":{"start":{"line":92,"column":0},"end":{"line":92,"column":44}},"92":{"start":{"line":93,"column":0},"end":{"line":93,"column":34}},"94":{"start":{"line":95,"column":0},"end":{"line":95,"column":39}},"95":{"start":{"line":96,"column":0},"end":{"line":96,"column":99}},"96":{"start":{"line":97,"column":0},"end":{"line":97,"column":12}},"97":{"start":{"line":98,"column":0},"end":{"line":98,"column":12}},"98":{"start":{"line":99,"column":0},"end":{"line":99,"column":12}},"99":{"start":{"line":100,"column":0},"end":{"line":100,"column":39}},"100":{"start":{"line":101,"column":0},"end":{"line":101,"column":41}},"101":{"start":{"line":102,"column":0},"end":{"line":102,"column":43}},"102":{"start":{"line":103,"column":0},"end":{"line":103,"column":39}},"103":{"start":{"line":104,"column":0},"end":{"line":104,"column":37}},"104":{"start":{"line":105,"column":0},"end":{"line":105,"column":5}},"105":{"start":{"line":106,"column":0},"end":{"line":106,"column":4}},"106":{"start":{"line":107,"column":0},"end":{"line":107,"column":1}}},"s":{"2":1,"3":1,"4":1,"5":1,"6":1,"7":1,"9":1,"10":5,"11":5,"13":5,"14":1,"15":1,"17":4,"18":4,"19":5,"20":5,"21":5,"22":5,"23":4,"24":4,"25":5,"26":5,"27":5,"29":4,"30":4,"31":5,"32":3,"33":3,"34":3,"35":3,"37":3,"38":3,"39":3,"40":1,"41":1,"42":1,"43":1,"44":1,"46":2,"47":2,"48":2,"49":2,"50":3,"51":3,"52":3,"53":3,"55":4,"56":4,"57":4,"58":4,"59":4,"60":4,"61":4,"62":4,"63":4,"64":4,"65":4,"66":4,"67":4,"68":4,"76":1,"77":2,"78":2,"80":1,"81":2,"82":2,"83":2,"84":2,"85":2,"86":2,"87":1,"88":1,"90":1,"91":2,"92":2,"94":1,"95":1,"96":1,"97":1,"98":1,"99":1,"100":1,"101":1,"102":1,"103":1,"104":1,"105":1,"106":1},"branchMap":{"0":{"type":"branch","line":10,"loc":{"start":{"line":10,"column":7},"end":{"line":69,"column":1}},"locations":[{"start":{"line":10,"column":7},"end":{"line":69,"column":1}}]},"1":{"type":"branch","line":14,"loc":{"start":{"line":14,"column":61},"end":{"line":16,"column":3}},"locations":[{"start":{"line":14,"column":61},"end":{"line":16,"column":3}}]},"2":{"type":"branch","line":16,"loc":{"start":{"line":16,"column":2},"end":{"line":20,"column":63}},"locations":[{"start":{"line":16,"column":2},"end":{"line":20,"column":63}}]},"3":{"type":"branch","line":23,"loc":{"start":{"line":23,"column":13},"end":{"line":23,"column":21}},"locations":[{"start":{"line":23,"column":13},"end":{"line":23,"column":21}}]},"4":{"type":"branch","line":23,"loc":{"start":{"line":23,"column":13},"end":{"line":26,"column":43}},"locations":[{"start":{"line":23,"column":13},"end":{"line":26,"column":43}}]},"5":{"type":"branch","line":26,"loc":{"start":{"line":26,"column":38},"end":{"line":26,"column":46}},"locations":[{"start":{"line":26,"column":38},"end":{"line":26,"column":46}}]},"6":{"type":"branch","line":28,"loc":{"start":{"line":28,"column":2},"end":{"line":32,"column":63}},"locations":[{"start":{"line":28,"column":2},"end":{"line":32,"column":63}}]},"7":{"type":"branch","line":32,"loc":{"start":{"line":32,"column":63},"end":{"line":54,"column":3}},"locations":[{"start":{"line":32,"column":63},"end":{"line":54,"column":3}}]},"8":{"type":"branch","line":36,"loc":{"start":{"line":36,"column":22},"end":{"line":36,"column":30}},"locations":[{"start":{"line":36,"column":22},"end":{"line":36,"column":30}}]},"9":{"type":"branch","line":36,"loc":{"start":{"line":36,"column":22},"end":{"line":38,"column":38}},"locations":[{"start":{"line":36,"column":22},"end":{"line":38,"column":38}}]},"10":{"type":"branch","line":38,"loc":{"start":{"line":38,"column":31},"end":{"line":38,"column":42}},"locations":[{"start":{"line":38,"column":31},"end":{"line":38,"column":42}}]},"11":{"type":"branch","line":38,"loc":{"start":{"line":38,"column":38},"end":{"line":38,"column":43}},"locations":[{"start":{"line":38,"column":38},"end":{"line":38,"column":43}}]},"12":{"type":"branch","line":40,"loc":{"start":{"line":40,"column":50},"end":{"line":45,"column":5}},"locations":[{"start":{"line":40,"column":50},"end":{"line":45,"column":5}}]},"13":{"type":"branch","line":43,"loc":{"start":{"line":43,"column":57},"end":{"line":43,"column":65}},"locations":[{"start":{"line":43,"column":57},"end":{"line":43,"column":65}}]},"14":{"type":"branch","line":45,"loc":{"start":{"line":45,"column":4},"end":{"line":51,"column":35}},"locations":[{"start":{"line":45,"column":4},"end":{"line":51,"column":35}}]},"15":{"type":"branch","line":51,"loc":{"start":{"line":51,"column":27},"end":{"line":51,"column":48}},"locations":[{"start":{"line":51,"column":27},"end":{"line":51,"column":48}}]},"16":{"type":"branch","line":51,"loc":{"start":{"line":51,"column":44},"end":{"line":51,"column":68}},"locations":[{"start":{"line":51,"column":44},"end":{"line":51,"column":68}}]},"17":{"type":"branch","line":51,"loc":{"start":{"line":51,"column":64},"end":{"line":51,"column":78}},"locations":[{"start":{"line":51,"column":64},"end":{"line":51,"column":78}}]},"18":{"type":"branch","line":54,"loc":{"start":{"line":54,"column":2},"end":{"line":69,"column":1}},"locations":[{"start":{"line":54,"column":2},"end":{"line":69,"column":1}}]},"19":{"type":"branch","line":77,"loc":{"start":{"line":77,"column":7},"end":{"line":89,"column":1}},"locations":[{"start":{"line":77,"column":7},"end":{"line":89,"column":1}}]},"20":{"type":"branch","line":79,"loc":{"start":{"line":79,"column":25},"end":{"line":89,"column":1}},"locations":[{"start":{"line":79,"column":25},"end":{"line":89,"column":1}}]},"21":{"type":"branch","line":81,"loc":{"start":{"line":81,"column":28},"end":{"line":88,"column":3}},"locations":[{"start":{"line":81,"column":28},"end":{"line":88,"column":3}}]},"22":{"type":"branch","line":91,"loc":{"start":{"line":91,"column":7},"end":{"line":107,"column":1}},"locations":[{"start":{"line":91,"column":7},"end":{"line":107,"column":1}}]},"23":{"type":"branch","line":93,"loc":{"start":{"line":93,"column":25},"end":{"line":107,"column":1}},"locations":[{"start":{"line":93,"column":25},"end":{"line":107,"column":1}}]},"24":{"type":"branch","line":95,"loc":{"start":{"line":95,"column":28},"end":{"line":106,"column":3}},"locations":[{"start":{"line":95,"column":28},"end":{"line":106,"column":3}}]}},"b":{"0":[5],"1":[1],"2":[4],"3":[1],"4":[4],"5":[1],"6":[4],"7":[3],"8":[1],"9":[2],"10":[1],"11":[1],"12":[1],"13":[0],"14":[2],"15":[1],"16":[1],"17":[1],"18":[4],"19":[2],"20":[1],"21":[2],"22":[2],"23":[1],"24":[1]},"fnMap":{"0":{"name":"parseGEXF","decl":{"start":{"line":10,"column":7},"end":{"line":69,"column":1}},"loc":{"start":{"line":10,"column":7},"end":{"line":69,"column":1}},"line":10},"1":{"name":"parseCSVCommunities","decl":{"start":{"line":77,"column":7},"end":{"line":89,"column":1}},"loc":{"start":{"line":77,"column":7},"end":{"line":89,"column":1}},"line":77},"2":{"name":"parseCSVMetrics","decl":{"start":{"line":91,"column":7},"end":{"line":107,"column":1}},"loc":{"start":{"line":91,"column":7},"end":{"line":107,"column":1}},"line":91}},"f":{"0":5,"1":2,"2":2}}
,"C:\\Users\\dti-\\Desktop\\Puc\\TrabalhoGrafos\\TrabalhoGrafos\\frontend-grafogen\\src\\utils\\graphExporter.ts": {"path":"C:\\Users\\dti-\\Desktop\\Puc\\TrabalhoGrafos\\TrabalhoGrafos\\frontend-grafogen\\src\\utils\\graphExporter.ts","all":false,"statementMap":{"2":{"start":{"line":3,"column":0},"end":{"line":3,"column":34}},"3":{"start":{"line":4,"column":0},"end":{"line":4,"column":23}},"4":{"start":{"line":5,"column":0},"end":{"line":5,"column":19}},"5":{"start":{"line":6,"column":0},"end":{"line":6,"column":40}},"6":{"start":{"line":7,"column":0},"end":{"line":7,"column":18}},"7":{"start":{"line":8,"column":0},"end":{"line":8,"column":90}},"8":{"start":{"line":9,"column":0},"end":{"line":9,"column":55}},"10":{"start":{"line":11,"column":0},"end":{"line":11,"column":59}},"11":{"start":{"line":12,"column":0},"end":{"line":12,"column":49}},"12":{"start":{"line":13,"column":0},"end":{"line":13,"column":22}},"13":{"start":{"line":14,"column":0},"end":{"line":14,"column":24}},"14":{"start":{"line":15,"column":0},"end":{"line":15,"column":37}},"15":{"start":{"line":16,"column":0},"end":{"line":16,"column":55}},"17":{"start":{"line":18,"column":0},"end":{"line":18,"column":21}},"18":{"start":{"line":19,"column":0},"end":{"line":19,"column":29}},"19":{"start":{"line":20,"column":0},"end":{"line":20,"column":37}},"20":{"start":{"line":21,"column":0},"end":{"line":21,"column":3}},"22":{"start":{"line":23,"column":0},"end":{"line":23,"column":44}},"23":{"start":{"line":24,"column":0},"end":{"line":24,"column":67}},"24":{"start":{"line":25,"column":0},"end":{"line":25,"column":1}},"26":{"start":{"line":27,"column":0},"end":{"line":27,"column":67}},"27":{"start":{"line":28,"column":0},"end":{"line":28,"column":27}},"28":{"start":{"line":29,"column":0},"end":{"line":29,"column":20}},"29":{"start":{"line":30,"column":0},"end":{"line":30,"column":21}},"30":{"start":{"line":31,"column":0},"end":{"line":31,"column":21}},"31":{"start":{"line":32,"column":0},"end":{"line":32,"column":79}},"33":{"start":{"line":34,"column":0},"end":{"line":34,"column":63}},"34":{"start":{"line":35,"column":0},"end":{"line":35,"column":34}},"35":{"start":{"line":36,"column":0},"end":{"line":36,"column":67}},"36":{"start":{"line":37,"column":0},"end":{"line":37,"column":28}},"37":{"start":{"line":38,"column":0},"end":{"line":38,"column":44}},"38":{"start":{"line":39,"column":0},"end":{"line":39,"column":44}},"39":{"start":{"line":40,"column":0},"end":{"line":40,"column":6}},"40":{"start":{"line":41,"column":0},"end":{"line":41,"column":4}},"42":{"start":{"line":43,"column":0},"end":{"line":43,"column":54}},"43":{"start":{"line":44,"column":0},"end":{"line":44,"column":100}},"44":{"start":{"line":45,"column":0},"end":{"line":45,"column":202}},"45":{"start":{"line":46,"column":0},"end":{"line":46,"column":62}},"47":{"start":{"line":48,"column":0},"end":{"line":48,"column":35}},"48":{"start":{"line":49,"column":0},"end":{"line":49,"column":41}},"49":{"start":{"line":50,"column":0},"end":{"line":50,"column":37}},"50":{"start":{"line":51,"column":0},"end":{"line":51,"column":30}},"51":{"start":{"line":52,"column":0},"end":{"line":52,"column":137}},"52":{"start":{"line":53,"column":0},"end":{"line":53,"column":3}},"54":{"start":{"line":55,"column":0},"end":{"line":55,"column":29}},"55":{"start":{"line":56,"column":0},"end":{"line":56,"column":38}},"56":{"start":{"line":57,"column":0},"end":{"line":57,"column":22}},"57":{"start":{"line":58,"column":0},"end":{"line":58,"column":40}},"58":{"start":{"line":59,"column":0},"end":{"line":59,"column":119}},"59":{"start":{"line":60,"column":0},"end":{"line":60,"column":29}},"60":{"start":{"line":61,"column":0},"end":{"line":61,"column":148}},"61":{"start":{"line":62,"column":0},"end":{"line":62,"column":5}},"62":{"start":{"line":63,"column":0},"end":{"line":63,"column":3}},"64":{"start":{"line":65,"column":0},"end":{"line":65,"column":17}},"65":{"start":{"line":66,"column":0},"end":{"line":66,"column":77}},"66":{"start":{"line":67,"column":0},"end":{"line":67,"column":1}},"68":{"start":{"line":69,"column":0},"end":{"line":69,"column":43}},"69":{"start":{"line":70,"column":0},"end":{"line":70,"column":105}},"70":{"start":{"line":71,"column":0},"end":{"line":71,"column":1}},"72":{"start":{"line":73,"column":0},"end":{"line":73,"column":67}},"73":{"start":{"line":74,"column":0},"end":{"line":74,"column":39}},"74":{"start":{"line":75,"column":0},"end":{"line":75,"column":35}},"75":{"start":{"line":76,"column":0},"end":{"line":76,"column":86}},"76":{"start":{"line":77,"column":0},"end":{"line":77,"column":80}},"77":{"start":{"line":78,"column":0},"end":{"line":78,"column":65}},"78":{"start":{"line":79,"column":0},"end":{"line":79,"column":47}},"79":{"start":{"line":80,"column":0},"end":{"line":80,"column":3}},"80":{"start":{"line":81,"column":0},"end":{"line":81,"column":14}},"81":{"start":{"line":82,"column":0},"end":{"line":82,"column":74}},"82":{"start":{"line":83,"column":0},"end":{"line":83,"column":1}},"84":{"start":{"line":85,"column":0},"end":{"line":85,"column":57}},"85":{"start":{"line":86,"column":0},"end":{"line":86,"column":42}},"86":{"start":{"line":87,"column":0},"end":{"line":87,"column":22}},"87":{"start":{"line":88,"column":0},"end":{"line":88,"column":21}},"88":{"start":{"line":89,"column":0},"end":{"line":89,"column":14}},"89":{"start":{"line":90,"column":0},"end":{"line":90,"column":1}},"91":{"start":{"line":92,"column":0},"end":{"line":92,"column":49}},"92":{"start":{"line":93,"column":0},"end":{"line":93,"column":42}},"93":{"start":{"line":94,"column":0},"end":{"line":94,"column":22}},"94":{"start":{"line":95,"column":0},"end":{"line":95,"column":39}},"95":{"start":{"line":96,"column":0},"end":{"line":96,"column":14}},"96":{"start":{"line":97,"column":0},"end":{"line":97,"column":32}},"97":{"start":{"line":98,"column":0},"end":{"line":98,"column":1}}},"s":{"2":2,"3":2,"4":2,"5":2,"6":2,"7":2,"8":2,"10":2,"11":2,"12":2,"13":2,"14":2,"15":2,"17":2,"18":1,"19":1,"20":1,"22":2,"23":2,"24":2,"26":1,"27":2,"28":2,"29":2,"30":2,"31":2,"33":2,"34":2,"35":3,"36":3,"37":3,"38":3,"39":3,"40":2,"42":2,"43":2,"44":2,"45":2,"47":2,"48":2,"49":2,"50":2,"51":1,"52":1,"54":2,"55":3,"56":3,"57":3,"58":3,"59":3,"60":3,"61":3,"62":3,"64":2,"65":2,"66":2,"68":3,"69":3,"70":3,"72":1,"73":1,"74":1,"75":1,"76":1,"77":1,"78":1,"79":1,"80":1,"81":1,"82":1,"84":2,"85":2,"86":2,"87":2,"88":2,"89":2,"91":3,"92":3,"93":3,"94":3,"95":3,"96":3,"97":3},"branchMap":{"0":{"type":"branch","line":3,"loc":{"start":{"line":3,"column":0},"end":{"line":25,"column":1}},"locations":[{"start":{"line":3,"column":0},"end":{"line":25,"column":1}}]},"1":{"type":"branch","line":9,"loc":{"start":{"line":9,"column":15},"end":{"line":9,"column":55}},"locations":[{"start":{"line":9,"column":15},"end":{"line":9,"column":55}}]},"2":{"type":"branch","line":16,"loc":{"start":{"line":16,"column":12},"end":{"line":16,"column":55}},"locations":[{"start":{"line":16,"column":12},"end":{"line":16,"column":55}}]},"3":{"type":"branch","line":18,"loc":{"start":{"line":18,"column":20},"end":{"line":21,"column":3}},"locations":[{"start":{"line":18,"column":20},"end":{"line":21,"column":3}}]},"4":{"type":"branch","line":27,"loc":{"start":{"line":27,"column":7},"end":{"line":67,"column":1}},"locations":[{"start":{"line":27,"column":7},"end":{"line":67,"column":1}}]},"5":{"type":"branch","line":51,"loc":{"start":{"line":51,"column":22},"end":{"line":53,"column":3}},"locations":[{"start":{"line":51,"column":22},"end":{"line":53,"column":3}}]},"6":{"type":"branch","line":55,"loc":{"start":{"line":55,"column":28},"end":{"line":63,"column":3}},"locations":[{"start":{"line":55,"column":28},"end":{"line":63,"column":3}}]},"7":{"type":"branch","line":57,"loc":{"start":{"line":57,"column":14},"end":{"line":57,"column":22}},"locations":[{"start":{"line":57,"column":14},"end":{"line":57,"column":22}}]},"8":{"type":"branch","line":35,"loc":{"start":{"line":35,"column":16},"end":{"line":41,"column":3}},"locations":[{"start":{"line":35,"column":16},"end":{"line":41,"column":3}}]},"9":{"type":"branch","line":69,"loc":{"start":{"line":69,"column":0},"end":{"line":71,"column":1}},"locations":[{"start":{"line":69,"column":0},"end":{"line":71,"column":1}}]},"10":{"type":"branch","line":73,"loc":{"start":{"line":73,"column":7},"end":{"line":83,"column":1}},"locations":[{"start":{"line":73,"column":7},"end":{"line":83,"column":1}}]},"11":{"type":"branch","line":76,"loc":{"start":{"line":76,"column":68},"end":{"line":76,"column":86}},"locations":[{"start":{"line":76,"column":68},"end":{"line":76,"column":86}}]},"12":{"type":"branch","line":77,"loc":{"start":{"line":77,"column":64},"end":{"line":77,"column":80}},"locations":[{"start":{"line":77,"column":64},"end":{"line":77,"column":80}}]},"13":{"type":"branch","line":78,"loc":{"start":{"line":78,"column":56},"end":{"line":78,"column":65}},"locations":[{"start":{"line":78,"column":56},"end":{"line":78,"column":65}}]},"14":{"type":"branch","line":76,"loc":{"start":{"line":76,"column":34},"end":{"line":76,"column":65}},"locations":[{"start":{"line":76,"column":34},"end":{"line":76,"column":65}}]},"15":{"type":"branch","line":77,"loc":{"start":{"line":77,"column":32},"end":{"line":77,"column":61}},"locations":[{"start":{"line":77,"column":32},"end":{"line":77,"column":61}}]},"16":{"type":"branch","line":85,"loc":{"start":{"line":85,"column":0},"end":{"line":90,"column":1}},"locations":[{"start":{"line":85,"column":0},"end":{"line":90,"column":1}}]},"17":{"type":"branch","line":92,"loc":{"start":{"line":92,"column":0},"end":{"line":98,"column":1}},"locations":[{"start":{"line":92,"column":0},"end":{"line":98,"column":1}}]}},"b":{"0":[2],"1":[0],"2":[0],"3":[1],"4":[2],"5":[1],"6":[3],"7":[0],"8":[3],"9":[3],"10":[1],"11":[0],"12":[0],"13":[0],"14":[1],"15":[2],"16":[2],"17":[3]},"fnMap":{"0":{"name":"exportToPNG","decl":{"start":{"line":3,"column":0},"end":{"line":25,"column":1}},"loc":{"start":{"line":3,"column":0},"end":{"line":25,"column":1}},"line":3},"1":{"name":"exportToSVG","decl":{"start":{"line":27,"column":7},"end":{"line":67,"column":1}},"loc":{"start":{"line":27,"column":7},"end":{"line":67,"column":1}},"line":27},"2":{"name":"escapeXml","decl":{"start":{"line":69,"column":0},"end":{"line":71,"column":1}},"loc":{"start":{"line":69,"column":0},"end":{"line":71,"column":1}},"line":69},"3":{"name":"exportToDOT","decl":{"start":{"line":73,"column":7},"end":{"line":83,"column":1}},"loc":{"start":{"line":73,"column":7},"end":{"line":83,"column":1}},"line":73},"4":{"name":"downloadDataUrl","decl":{"start":{"line":85,"column":0},"end":{"line":90,"column":1}},"loc":{"start":{"line":85,"column":0},"end":{"line":90,"column":1}},"line":85},"5":{"name":"downloadBlob","decl":{"start":{"line":92,"column":0},"end":{"line":98,"column":1}},"loc":{"start":{"line":92,"column":0},"end":{"line":98,"column":1}},"line":92}},"f":{"0":2,"1":2,"2":3,"3":1,"4":2,"5":3}}
,"C:\\Users\\dti-\\Desktop\\Puc\\TrabalhoGrafos\\TrabalhoGrafos\\frontend-grafogen\\src\\utils\\recentGraphs.ts": {"path":"C:\\Users\\dti-\\Desktop\\Puc\\TrabalhoGrafos\\TrabalhoGrafos\\frontend-grafogen\\src\\utils\\recentGraphs.ts","all":false,"statementMap":{"11":{"start":{"line":12,"column":0},"end":{"line":12,"column":44}},"12":{"start":{"line":13,"column":0},"end":{"line":13,"column":21}},"14":{"start":{"line":15,"column":0},"end":{"line":15,"column":56}},"15":{"start":{"line":16,"column":0},"end":{"line":16,"column":7}},"16":{"start":{"line":17,"column":0},"end":{"line":17,"column":49}},"17":{"start":{"line":18,"column":0},"end":{"line":18,"column":23}},"18":{"start":{"line":19,"column":0},"end":{"line":19,"column":56}},"19":{"start":{"line":20,"column":0},"end":{"line":20,"column":46}},"20":{"start":{"line":21,"column":0},"end":{"line":21,"column":11}},"21":{"start":{"line":22,"column":0},"end":{"line":22,"column":13}},"22":{"start":{"line":23,"column":0},"end":{"line":23,"column":3}},"23":{"start":{"line":24,"column":0},"end":{"line":24,"column":1}},"25":{"start":{"line":26,"column":0},"end":{"line":26,"column":96}},"26":{"start":{"line":27,"column":0},"end":{"line":27,"column":81}},"27":{"start":{"line":28,"column":0},"end":{"line":28,"column":80}},"28":{"start":{"line":29,"column":0},"end":{"line":29,"column":59}},"29":{"start":{"line":30,"column":0},"end":{"line":30,"column":60}},"30":{"start":{"line":31,"column":0},"end":{"line":31,"column":16}},"31":{"start":{"line":32,"column":0},"end":{"line":32,"column":1}},"33":{"start":{"line":34,"column":0},"end":{"line":34,"column":69}},"35":{"start":{"line":36,"column":0},"end":{"line":36,"column":71}},"36":{"start":{"line":37,"column":0},"end":{"line":37,"column":7}},"37":{"start":{"line":38,"column":0},"end":{"line":38,"column":46}},"38":{"start":{"line":39,"column":0},"end":{"line":39,"column":11}},"40":{"start":{"line":41,"column":0},"end":{"line":41,"column":3}},"41":{"start":{"line":42,"column":0},"end":{"line":42,"column":1}},"43":{"start":{"line":44,"column":0},"end":{"line":44,"column":64}},"44":{"start":{"line":45,"column":0},"end":{"line":45,"column":7}},"45":{"start":{"line":46,"column":0},"end":{"line":46,"column":48}},"46":{"start":{"line":47,"column":0},"end":{"line":47,"column":11}},"47":{"start":{"line":48,"column":0},"end":{"line":48,"column":15}},"48":{"start":{"line":49,"column":0},"end":{"line":49,"column":3}},"49":{"start":{"line":50,"column":0},"end":{"line":50,"column":1}}},"s":{"11":1,"12":1,"14":1,"15":8,"16":8,"17":8,"18":6,"19":8,"20":8,"21":1,"22":1,"23":8,"25":1,"26":4,"27":4,"28":4,"29":4,"30":4,"31":4,"33":1,"35":1,"36":1,"37":1,"38":1,"40":0,"41":1,"43":1,"44":2,"45":2,"46":2,"47":0,"48":0,"49":2},"branchMap":{"0":{"type":"branch","line":15,"loc":{"start":{"line":15,"column":7},"end":{"line":24,"column":1}},"locations":[{"start":{"line":15,"column":7},"end":{"line":24,"column":1}}]},"1":{"type":"branch","line":18,"loc":{"start":{"line":18,"column":14},"end":{"line":18,"column":23}},"locations":[{"start":{"line":18,"column":14},"end":{"line":18,"column":23}}]},"2":{"type":"branch","line":18,"loc":{"start":{"line":18,"column":22},"end":{"line":20,"column":35}},"locations":[{"start":{"line":18,"column":22},"end":{"line":20,"column":35}}]},"3":{"type":"branch","line":20,"loc":{"start":{"line":20,"column":31},"end":{"line":20,"column":44}},"locations":[{"start":{"line":20,"column":31},"end":{"line":20,"column":44}}]},"4":{"type":"branch","line":20,"loc":{"start":{"line":20,"column":35},"end":{"line":20,"column":46}},"locations":[{"start":{"line":20,"column":35},"end":{"line":20,"column":46}}]},"5":{"type":"branch","line":21,"loc":{"start":{"line":21,"column":2},"end":{"line":23,"column":3}},"locations":[{"start":{"line":21,"column":2},"end":{"line":23,"column":3}}]},"6":{"type":"branch","line":26,"loc":{"start":{"line":26,"column":7},"end":{"line":32,"column":1}},"locations":[{"start":{"line":26,"column":7},"end":{"line":32,"column":1}}]},"7":{"type":"branch","line":28,"loc":{"start":{"line":28,"column":45},"end":{"line":28,"column":79}},"locations":[{"start":{"line":28,"column":45},"end":{"line":28,"column":79}}]},"8":{"type":"branch","line":34,"loc":{"start":{"line":34,"column":18},"end":{"line":34,"column":69}},"locations":[{"start":{"line":34,"column":18},"end":{"line":34,"column":69}}]},"9":{"type":"branch","line":36,"loc":{"start":{"line":36,"column":7},"end":{"line":42,"column":1}},"locations":[{"start":{"line":36,"column":7},"end":{"line":42,"column":1}}]},"10":{"type":"branch","line":39,"loc":{"start":{"line":39,"column":2},"end":{"line":41,"column":3}},"locations":[{"start":{"line":39,"column":2},"end":{"line":41,"column":3}}]},"11":{"type":"branch","line":44,"loc":{"start":{"line":44,"column":7},"end":{"line":50,"column":1}},"locations":[{"start":{"line":44,"column":7},"end":{"line":50,"column":1}}]},"12":{"type":"branch","line":47,"loc":{"start":{"line":47,"column":2},"end":{"line":49,"column":3}},"locations":[{"start":{"line":47,"column":2},"end":{"line":49,"column":3}}]}},"b":{"0":[8],"1":[2],"2":[6],"3":[4],"4":[1],"5":[1],"6":[4],"7":[2],"8":[3],"9":[1],"10":[0],"11":[2],"12":[0]},"fnMap":{"0":{"name":"loadRecentGraphs","decl":{"start":{"line":15,"column":7},"end":{"line":24,"column":1}},"loc":{"start":{"line":15,"column":7},"end":{"line":24,"column":1}},"line":15},"1":{"name":"saveRecentGraph","decl":{"start":{"line":26,"column":7},"end":{"line":32,"column":1}},"loc":{"start":{"line":26,"column":7},"end":{"line":32,"column":1}},"line":26},"2":{"name":"uploadKey","decl":{"start":{"line":34,"column":18},"end":{"line":34,"column":69}},"loc":{"start":{"line":34,"column":18},"end":{"line":34,"column":69}},"line":34},"3":{"name":"cacheUploadedGexf","decl":{"start":{"line":36,"column":7},"end":{"line":42,"column":1}},"loc":{"start":{"line":36,"column":7},"end":{"line":42,"column":1}},"line":36},"4":{"name":"loadCachedGexf","decl":{"start":{"line":44,"column":7},"end":{"line":50,"column":1}},"loc":{"start":{"line":44,"column":7},"end":{"line":50,"column":1}},"line":44}},"f":{"0":8,"1":4,"2":3,"3":1,"4":2}}
}
